# JRE version: Java(TM) SE Runtime Environment 18.9 (11.0.17+10) (build 11.0.17+10-LTS-269)
# Java VM: Java HotSpot(TM) 64-Bit Server VM 18.9 (11.0.17+10-LTS-269, mixed mode, tiered, compressed oops, g1 gc, windows-amd64)
Heap:
 garbage-first heap   total 65536K, used 13307K [0x00000000fc000000, 0x0000000100000000)
  region size 1024K, 4 young (4096K), 1 survivors (1024K)
 Metaspace       used 14069K, capacity 14335K, committed 14592K, reserved 1062912K
  class space    used 1625K, capacity 1742K, committed 1792K, reserved 1048576K
GC Heap History (10 events):
Event: 43.283 GC heap before
{Heap before GC invocations=3 (full 0):
 garbage-first heap   total 65536K, used 12764K [0x00000000fc000000, 0x0000000100000000)
  region size 1024K, 3 young (3072K), 1 survivors (1024K)
 Metaspace       used 11453K, capacity 11691K, committed 11904K, reserved 1060864K
  class space    used 1245K, capacity 1346K, committed 1408K, reserved 1048576K
}
Event: 43.286 GC heap after
{Heap after GC invocations=4 (full 0):
 garbage-first heap   total 65536K, used 10818K [0x00000000fc000000, 0x0000000100000000)
  region size 1024K, 1 young (1024K), 1 survivors (1024K)
 Metaspace       used 11453K, capacity 11691K, committed 11904K, reserved 1060864K
  class space    used 1245K, capacity 1346K, committed 1408K, reserved 1048576K
}
Event: 44.800 GC heap before
{Heap before GC invocations=4 (full 0):
 garbage-first heap   total 65536K, used 12866K [0x00000000fc000000, 0x0000000100000000)
  region size 1024K, 3 young (3072K), 1 survivors (1024K)
 Metaspace       used 11807K, capacity 12052K, committed 12160K, reserved 1060864K
  class space    used 1300K, capacity 1381K, committed 1408K, reserved 1048576K
}
Event: 44.802 GC heap after
{Heap after GC invocations=5 (full 0):
 garbage-first heap   total 65536K, used 10934K [0x00000000fc000000, 0x0000000100000000)
  region size 1024K, 1 young (1024K), 1 survivors (1024K)
 Metaspace       used 11807K, capacity 12052K, committed 12160K, reserved 1060864K
  class space    used 1300K, capacity 1381K, committed 1408K, reserved 1048576K
}
Event: 47.187 GC heap before
{Heap before GC invocations=5 (full 0):
 garbage-first heap   total 65536K, used 12982K [0x00000000fc000000, 0x0000000100000000)
  region size 1024K, 3 young (3072K), 1 survivors (1024K)
 Metaspace       used 12475K, capacity 12747K, committed 12800K, reserved 1060864K
  class space    used 1389K, capacity 1487K, committed 1536K, reserved 1048576K
}
Event: 47.188 GC heap after
{Heap after GC invocations=6 (full 0):
 garbage-first heap   total 65536K, used 11037K [0x00000000fc000000, 0x0000000100000000)
  region size 1024K, 1 young (1024K), 1 survivors (1024K)
 Metaspace       used 12475K, capacity 12747K, committed 12800K, reserved 1060864K
  class space    used 1389K, capacity 1487K, committed 1536K, reserved 1048576K
}
Event: 50.032 GC heap before
{Heap before GC invocations=6 (full 0):
 garbage-first heap   total 65536K, used 13085K [0x00000000fc000000, 0x0000000100000000)
  region size 1024K, 3 young (3072K), 1 survivors (1024K)
 Metaspace       used 12945K, capacity 13217K, committed 13440K, reserved 1060864K
  class space    used 1468K, capacity 1602K, committed 1664K, reserved 1048576K
}
Event: 50.033 GC heap after
{Heap after GC invocations=7 (full 0):
 garbage-first heap   total 65536K, used 11162K [0x00000000fc000000, 0x0000000100000000)
  region size 1024K, 1 young (1024K), 1 survivors (1024K)
 Metaspace       used 12945K, capacity 13217K, committed 13440K, reserved 1060864K
  class space    used 1468K, capacity 1602K, committed 1664K, reserved 1048576K
}
Event: 51.548 GC heap before
{Heap before GC invocations=7 (full 0):
 garbage-first heap   total 65536K, used 13210K [0x00000000fc000000, 0x0000000100000000)
  region size 1024K, 3 young (3072K), 1 survivors (1024K)
 Metaspace       used 13451K, capacity 13761K, committed 13952K, reserved 1060864K
  class space    used 1536K, capacity 1634K, committed 1664K, reserved 1048576K
}
Event: 51.551 GC heap after
{Heap after GC invocations=8 (full 0):
 garbage-first heap   total 65536K, used 11259K [0x00000000fc000000, 0x0000000100000000)
  region size 1024K, 1 young (1024K), 1 survivors (1024K)
 Metaspace       used 13451K, capacity 13761K, committed 13952K, reserved 1060864K
  class space    used 1536K, capacity 1634K, committed 1664K, reserved 1048576K
}

