# JRE version: Java(TM) SE Runtime Environment 18.9 (11.0.17+10) (build 11.0.17+10-LTS-269)
# Java VM: Java HotSpot(TM) 64-Bit Server VM 18.9 (11.0.17+10-LTS-269, mixed mode, tiered, compressed oops, g1 gc, windows-amd64)
Heap:
 garbage-first heap   total 65536K, used 12313K [0x00000000fc000000, 0x0000000100000000)
  region size 1024K, 3 young (3072K), 1 survivors (1024K)
 Metaspace       used 13965K, capacity 14227K, committed 14336K, reserved 1062912K
  class space    used 1607K, capacity 1706K, committed 1792K, reserved 1048576K
GC Heap History (10 events):
Event: 43.313 GC heap before
{Heap before GC invocations=3 (full 0):
 garbage-first heap   total 65536K, used 12791K [0x00000000fc000000, 0x0000000100000000)
  region size 1024K, 3 young (3072K), 1 survivors (1024K)
 Metaspace       used 11449K, capacity 11691K, committed 11904K, reserved 1060864K
  class space    used 1244K, capacity 1346K, committed 1408K, reserved 1048576K
}
Event: 43.316 GC heap after
{Heap after GC invocations=4 (full 0):
 garbage-first heap   total 65536K, used 10852K [0x00000000fc000000, 0x0000000100000000)
  region size 1024K, 1 young (1024K), 1 survivors (1024K)
 Metaspace       used 11449K, capacity 11691K, committed 11904K, reserved 1060864K
  class space    used 1244K, capacity 1346K, committed 1408K, reserved 1048576K
}
Event: 44.830 GC heap before
{Heap before GC invocations=4 (full 0):
 garbage-first heap   total 65536K, used 12900K [0x00000000fc000000, 0x0000000100000000)
  region size 1024K, 3 young (3072K), 1 survivors (1024K)
 Metaspace       used 11805K, capacity 12052K, committed 12160K, reserved 1060864K
  class space    used 1299K, capacity 1381K, committed 1408K, reserved 1048576K
}
Event: 44.832 GC heap after
{Heap after GC invocations=5 (full 0):
 garbage-first heap   total 65536K, used 10982K [0x00000000fc000000, 0x0000000100000000)
  region size 1024K, 1 young (1024K), 1 survivors (1024K)
 Metaspace       used 11805K, capacity 12052K, committed 12160K, reserved 1060864K
  class space    used 1299K, capacity 1381K, committed 1408K, reserved 1048576K
}
Event: 47.214 GC heap before
{Heap before GC invocations=5 (full 0):
 garbage-first heap   total 65536K, used 13030K [0x00000000fc000000, 0x0000000100000000)
  region size 1024K, 3 young (3072K), 1 survivors (1024K)
 Metaspace       used 12470K, capacity 12745K, committed 12800K, reserved 1060864K
  class space    used 1386K, capacity 1486K, committed 1536K, reserved 1048576K
}
Event: 47.216 GC heap after
{Heap after GC invocations=6 (full 0):
 garbage-first heap   total 65536K, used 11063K [0x00000000fc000000, 0x0000000100000000)
  region size 1024K, 1 young (1024K), 1 survivors (1024K)
 Metaspace       used 12470K, capacity 12745K, committed 12800K, reserved 1060864K
  class space    used 1386K, capacity 1486K, committed 1536K, reserved 1048576K
}
Event: 50.064 GC heap before
{Heap before GC invocations=6 (full 0):
 garbage-first heap   total 65536K, used 13111K [0x00000000fc000000, 0x0000000100000000)
  region size 1024K, 3 young (3072K), 1 survivors (1024K)
 Metaspace       used 12942K, capacity 13217K, committed 13440K, reserved 1060864K
  class space    used 1465K, capacity 1602K, committed 1664K, reserved 1048576K
}
Event: 50.065 GC heap after
{Heap after GC invocations=7 (full 0):
 garbage-first heap   total 65536K, used 11198K [0x00000000fc000000, 0x0000000100000000)
  region size 1024K, 1 young (1024K), 1 survivors (1024K)
 Metaspace       used 12942K, capacity 13217K, committed 13440K, reserved 1060864K
  class space    used 1465K, capacity 1602K, committed 1664K, reserved 1048576K
}
Event: 51.576 GC heap before
{Heap before GC invocations=7 (full 0):
 garbage-first heap   total 65536K, used 13246K [0x00000000fc000000, 0x0000000100000000)
  region size 1024K, 3 young (3072K), 1 survivors (1024K)
 Metaspace       used 13438K, capacity 13761K, committed 13952K, reserved 1060864K
  class space    used 1533K, capacity 1634K, committed 1664K, reserved 1048576K
}
Event: 51.577 GC heap after
{Heap after GC invocations=8 (full 0):
 garbage-first heap   total 65536K, used 11289K [0x00000000fc000000, 0x0000000100000000)
  region size 1024K, 1 young (1024K), 1 survivors (1024K)
 Metaspace       used 13438K, capacity 13761K, committed 13952K, reserved 1060864K
  class space    used 1533K, capacity 1634K, committed 1664K, reserved 1048576K
}

